<?xml version="1.0" encoding="UTF-8"?>
<testng-results skipped="6" failed="0" total="6" passed="0">
  <reporter-output>
  </reporter-output>
  <suite name="Suite1" duration-ms="68" started-at="2016-03-14T15:19:33Z" finished-at="2016-03-14T15:19:33Z">
    <groups>
    </groups>
    <test name="Gurukula" duration-ms="68" started-at="2016-03-14T15:19:33Z" finished-at="2016-03-14T15:19:33Z">
      <class name="Gurukula.GurukulaTesting.GurukulaTest">
        <test-method status="FAIL" signature="setUp(java.lang.String)[pri:0, instance:Gurukula.GurukulaTesting.GurukulaTest@6328d34a]" name="setUp" is-config="true" duration-ms="0" started-at="2016-03-14T21:19:33Z" finished-at="2016-03-14T21:19:33Z">
          <exception class="org.testng.TestNGException">
            <message>
              <![CDATA[
Parameter 'Browser' is required by @Configuration on method setUp but has not been marked @Optional or defined
in C:\Users\Екатерина\git\GurukulaTest\GurukulaTesting\resources\testng.xml]]>
            </message>
            <full-stacktrace>
              <![CDATA[org.testng.TestNGException: 
Parameter 'Browser' is required by @Configuration on method setUp but has not been marked @Optional or defined
in C:\Users\Екатерина\git\GurukulaTest\GurukulaTesting\resources\testng.xml
	at org.testng.internal.Parameters.createParameters(Parameters.java:154)
	at org.testng.internal.Parameters.createParameters(Parameters.java:361)
	at org.testng.internal.Parameters.createConfigurationParameters(Parameters.java:84)
	at org.testng.internal.Invoker.invokeConfigurations(Invoker.java:201)
	at org.testng.internal.Invoker.invokeConfigurations(Invoker.java:142)
	at org.testng.internal.TestMethodWorker.invokeBeforeClassMethods(TestMethodWorker.java:178)
	at org.testng.internal.TestMethodWorker.run(TestMethodWorker.java:108)
	at org.testng.TestRunner.privateRun(TestRunner.java:782)
	at org.testng.TestRunner.run(TestRunner.java:632)
	at org.testng.SuiteRunner.runTest(SuiteRunner.java:366)
	at org.testng.SuiteRunner.runSequentially(SuiteRunner.java:361)
	at org.testng.SuiteRunner.privateRun(SuiteRunner.java:319)
	at org.testng.SuiteRunner.run(SuiteRunner.java:268)
	at org.testng.SuiteRunnerWorker.runSuite(SuiteRunnerWorker.java:52)
	at org.testng.SuiteRunnerWorker.run(SuiteRunnerWorker.java:86)
	at org.testng.TestNG.runSuitesSequentially(TestNG.java:1244)
	at org.testng.TestNG.runSuitesLocally(TestNG.java:1169)
	at org.testng.TestNG.run(TestNG.java:1064)
	at org.testng.remote.RemoteTestNG.run(RemoteTestNG.java:113)
	at org.testng.remote.RemoteTestNG.initAndRun(RemoteTestNG.java:206)
	at org.testng.remote.RemoteTestNG.main(RemoteTestNG.java:177)
]]>
            </full-stacktrace>
          </exception> <!-- org.testng.TestNGException -->
          <reporter-output>
          </reporter-output>
        </test-method> <!-- setUp -->
        <test-method status="SKIP" signature="AdminLogIn()[pri:1, instance:Gurukula.GurukulaTesting.GurukulaTest@6328d34a]" name="AdminLogIn" duration-ms="5" started-at="2016-03-14T21:19:33Z" finished-at="2016-03-14T21:19:33Z">
          <reporter-output>
          </reporter-output>
        </test-method> <!-- AdminLogIn -->
        <test-method status="SKIP" signature="AdminLogInWrong()[pri:2, instance:Gurukula.GurukulaTesting.GurukulaTest@6328d34a]" name="AdminLogInWrong" duration-ms="1" started-at="2016-03-14T21:19:33Z" finished-at="2016-03-14T21:19:33Z">
          <reporter-output>
          </reporter-output>
        </test-method> <!-- AdminLogInWrong -->
        <test-method status="SKIP" signature="UserExistsRegistration()[pri:3, instance:Gurukula.GurukulaTesting.GurukulaTest@6328d34a]" name="UserExistsRegistration" duration-ms="1" started-at="2016-03-14T21:19:33Z" finished-at="2016-03-14T21:19:33Z">
          <reporter-output>
          </reporter-output>
        </test-method> <!-- UserExistsRegistration -->
        <test-method status="SKIP" signature="UserRegistration()[pri:4, instance:Gurukula.GurukulaTesting.GurukulaTest@6328d34a]" name="UserRegistration" duration-ms="1" started-at="2016-03-14T21:19:33Z" finished-at="2016-03-14T21:19:33Z">
          <reporter-output>
          </reporter-output>
        </test-method> <!-- UserRegistration -->
        <test-method status="SKIP" signature="BranchCreation()[pri:5, instance:Gurukula.GurukulaTesting.GurukulaTest@6328d34a]" name="BranchCreation" duration-ms="1" started-at="2016-03-14T21:19:33Z" finished-at="2016-03-14T21:19:33Z">
          <reporter-output>
          </reporter-output>
        </test-method> <!-- BranchCreation -->
        <test-method status="SKIP" signature="CreateStuff()[pri:6, instance:Gurukula.GurukulaTesting.GurukulaTest@6328d34a]" name="CreateStuff" duration-ms="1" started-at="2016-03-14T21:19:33Z" finished-at="2016-03-14T21:19:33Z">
          <reporter-output>
          </reporter-output>
        </test-method> <!-- CreateStuff -->
        <test-method status="SKIP" signature="afterTest()[pri:0, instance:Gurukula.GurukulaTesting.GurukulaTest@6328d34a]" name="afterTest" is-config="true" duration-ms="0" started-at="2016-03-14T21:19:33Z" finished-at="2016-03-14T21:19:33Z">
          <reporter-output>
          </reporter-output>
        </test-method> <!-- afterTest -->
      </class> <!-- Gurukula.GurukulaTesting.GurukulaTest -->
    </test> <!-- Gurukula -->
  </suite> <!-- Suite1 -->
</testng-results>
